<?xml version="1.0" encoding="UTF-8"?>
<!-- Generated by org.testng.reporters.JUnitXMLReporter -->
<testsuite ignored="0" hostname="LTIN275801" failures="0" tests="20" name="Test_1" time="77.695" errors="0" timestamp="2024-03-02T17:04:02 IST">
  <testcase classname="Test_Cases.Finding_Hospitals" name="findDoctors" time="2.503"/>
  <testcase classname="Test_Cases.Finding_Hospitals" name="Search_City" time="1.07"/>
  <testcase classname="Test_Cases.Finding_Hospitals" name="Search_Dentists" time="2.229"/>
  <testcase classname="Test_Cases.Finding_Hospitals" name="select_PatientStories" time="2.425"/>
  <testcase classname="Test_Cases.Finding_Hospitals" name="select_Experience" time="2.446"/>
  <testcase classname="Test_Cases.Finding_Hospitals" name="applyFilters" time="2.416"/>
  <testcase classname="Test_Cases.Finding_Hospitals" name="applyFilters_1" time="2.36"/>
  <testcase classname="Test_Cases.Finding_Hospitals" name="applyFilters_2" time="3.575"/>
  <testcase classname="Test_Cases.Finding_Hospitals" name="get_DoctorDetails" time="26.509"/>
  <testcase classname="Test_Cases.Finding_Hospitals" name="navigateToSurgeries" time="1.021"/>
  <testcase classname="Test_Cases.Finding_Hospitals" name="ScrollToSurgeries" time="0.069"/>
  <testcase classname="Test_Cases.Finding_Hospitals" name="sugeryNames" time="1.08"/>
  <testcase classname="Test_Cases.Finding_Hospitals" name="ScrollToTop" time="0.042"/>
  <testcase classname="Test_Cases.Finding_Hospitals" name="navigatioToHealth_Page" time="3.983"/>
  <testcase classname="Test_Cases.Finding_Hospitals" name="scrollToDemoBtn" time="0.269"/>
  <testcase classname="Test_Cases.Finding_Hospitals" name="verifyDemoBtn_1" time="1.561"/>
  <testcase classname="Test_Cases.Finding_Hospitals" name="ClickDemoBtn" time="0.179"/>
  <testcase classname="Test_Cases.Finding_Hospitals" name="ClearingData" time="0.452"/>
  <testcase classname="Test_Cases.Finding_Hospitals" name="verifyDemoBtn_2" time="1.283"/>
  <testcase classname="Test_Cases.Finding_Hospitals" name="Verify_ResultMsg" time="1.112"/>
</testsuite> <!-- Test_1 -->
